2024-01-24 13:16:08.260 [info] Name: isort
2024-01-24 13:16:08.260 [info] Module: isort
2024-01-24 13:16:08.260 [info] Python extension loading
2024-01-24 13:16:08.260 [info] Waiting for interpreter from python extension.
2024-01-24 13:16:08.501 [info] No interpreter found from setting isort.interpreter
2024-01-24 13:16:08.501 [info] Getting interpreter from ms-python.python extension for workspace /home/diego/Downloads/Classificazione_Malattie_Cardiovascolari
2024-01-24 13:16:08.501 [info] Python extension loaded
2024-01-24 13:16:08.502 [info] Interpreter from ms-python.python extension for /home/diego/Downloads/Classificazione_Malattie_Cardiovascolari: /bin/python
2024-01-24 13:16:08.503 [info] No interpreter found from setting isort.interpreter
2024-01-24 13:16:08.503 [info] Getting interpreter from ms-python.python extension for workspace /home/diego/Downloads/Classificazione_Malattie_Cardiovascolari
2024-01-24 13:16:08.503 [info] Interpreter from ms-python.python extension for /home/diego/Downloads/Classificazione_Malattie_Cardiovascolari: /bin/python
2024-01-24 13:16:08.540 [info] Server run command: /bin/python /home/diego/.vscode/extensions/ms-python.isort-2023.10.1/bundled/tool/lsp_server.py
2024-01-24 13:16:08.540 [info] Server: Start requested.
2024-01-24 13:16:09.121 [info] CWD Server: /home/diego/Downloads/Classificazione_Malattie_Cardiovascolari
2024-01-24 13:16:09.121 [info] sys.path used to run Server:
   /home/diego/.vscode/extensions/ms-python.isort-2023.10.1/bundled/libs
   /home/diego/.vscode/extensions/ms-python.isort-2023.10.1/bundled/tool
   /usr/lib/python311.zip
   /usr/lib/python3.11
   /usr/lib/python3.11/lib-dynload
   /home/diego/.local/lib/python3.11/site-packages
   /usr/lib/python3.11/site-packages
2024-01-24 13:16:09.121 [info] Settings used to run Server:
[
    {
        "check": false,
        "cwd": "/home/diego/Downloads/Classificazione_Malattie_Cardiovascolari",
        "workspace": "file:///home/diego/Downloads/Classificazione_Malattie_Cardiovascolari",
        "args": [],
        "path": [],
        "severity": {
            "W": "Warning",
            "E": "Hint"
        },
        "interpreter": [
            "/bin/python"
        ],
        "importStrategy": "useBundled",
        "showNotifications": "off"
    }
]

2024-01-24 13:16:09.121 [info] Global settings:
{
    "check": false,
    "cwd": "/home/diego/Downloads/Classificazione_Malattie_Cardiovascolari",
    "workspace": "/home/diego/Downloads/Classificazione_Malattie_Cardiovascolari",
    "args": [],
    "path": [],
    "severity": {
        "W": "Warning",
        "E": "Hint"
    },
    "interpreter": [],
    "importStrategy": "useBundled",
    "showNotifications": "off"
}

2024-01-24 13:16:09.122 [info] /bin/python -m isort --version-number
2024-01-24 13:16:09.122 [info] CWD Linter: /home/diego/Downloads/Classificazione_Malattie_Cardiovascolari
2024-01-24 13:16:09.124 [info] Version info for isort running for /home/diego/Downloads/Classificazione_Malattie_Cardiovascolari:
5.11.5

2024-01-24 13:16:09.124 [info] SUPPORTED isort>=5.10.1
FOUND isort==5.11.5

2024-01-24 13:16:09.139 [info] [Trace - 1:16:09 PM] Sending request 'textDocument/codeAction - (1)'.
2024-01-24 13:16:09.142 [info] [Trace - 1:16:09 PM] Sending request 'textDocument/codeAction - (2)'.
2024-01-24 13:16:09.143 [info] [Trace - 1:16:09 PM] Received notification 'textDocument/publishDiagnostics'.
2024-01-24 13:16:09.144 [info] [Trace - 1:16:09 PM] Received notification 'textDocument/publishDiagnostics'.
2024-01-24 13:16:09.144 [info] [Trace - 1:16:09 PM] Received notification 'textDocument/publishDiagnostics'.
2024-01-24 13:16:09.144 [info] [Trace - 1:16:09 PM] Received notification 'textDocument/publishDiagnostics'.
2024-01-24 13:16:09.144 [info] [Trace - 1:16:09 PM] Received notification 'textDocument/publishDiagnostics'.
2024-01-24 13:16:09.145 [info] [Trace - 1:16:09 PM] Received notification 'textDocument/publishDiagnostics'.
2024-01-24 13:16:09.145 [info] [Trace - 1:16:09 PM] Received notification 'textDocument/publishDiagnostics'.
2024-01-24 13:16:09.145 [info] [Trace - 1:16:09 PM] Received notification 'textDocument/publishDiagnostics'.
2024-01-24 13:16:09.146 [info] [Trace - 1:16:09 PM] Received notification 'textDocument/publishDiagnostics'.
2024-01-24 13:16:09.147 [info] [Trace - 1:16:09 PM] Received notification 'textDocument/publishDiagnostics'.
2024-01-24 13:16:09.147 [info] [Trace - 1:16:09 PM] Received notification 'textDocument/publishDiagnostics'.
2024-01-24 13:16:09.148 [info] [Trace - 1:16:09 PM] Received notification 'textDocument/publishDiagnostics'.
2024-01-24 13:16:09.148 [info] [Trace - 1:16:09 PM] Received notification 'textDocument/publishDiagnostics'.
2024-01-24 13:16:09.148 [info] [Trace - 1:16:09 PM] Received notification 'textDocument/publishDiagnostics'.
2024-01-24 13:16:09.149 [info] [Trace - 1:16:09 PM] Received notification 'textDocument/publishDiagnostics'.
2024-01-24 13:16:09.149 [info] [Trace - 1:16:09 PM] Received notification 'textDocument/publishDiagnostics'.
2024-01-24 13:16:09.150 [info] [Trace - 1:16:09 PM] Received notification 'textDocument/publishDiagnostics'.
2024-01-24 13:16:09.150 [info] [Trace - 1:16:09 PM] Received notification 'textDocument/publishDiagnostics'.
2024-01-24 13:16:09.150 [info] [Trace - 1:16:09 PM] Received notification 'textDocument/publishDiagnostics'.
2024-01-24 13:16:09.151 [info] [Trace - 1:16:09 PM] Received notification 'textDocument/publishDiagnostics'.
2024-01-24 13:16:09.151 [info] [Trace - 1:16:09 PM] Received notification 'textDocument/publishDiagnostics'.
2024-01-24 13:16:09.152 [info] [Trace - 1:16:09 PM] Received notification 'textDocument/publishDiagnostics'.
2024-01-24 13:16:09.152 [info] [Trace - 1:16:09 PM] Received notification 'textDocument/publishDiagnostics'.
2024-01-24 13:16:09.152 [info] [Trace - 1:16:09 PM] Received notification 'textDocument/publishDiagnostics'.
2024-01-24 13:16:09.153 [info] [Trace - 1:16:09 PM] Received notification 'textDocument/publishDiagnostics'.
2024-01-24 13:16:09.153 [info] [Trace - 1:16:09 PM] Received notification 'textDocument/publishDiagnostics'.
2024-01-24 13:16:09.154 [info] [Trace - 1:16:09 PM] Received notification 'textDocument/publishDiagnostics'.
2024-01-24 13:16:09.154 [info] [Trace - 1:16:09 PM] Received notification 'textDocument/publishDiagnostics'.
2024-01-24 13:16:09.154 [info] [Trace - 1:16:09 PM] Received notification 'textDocument/publishDiagnostics'.
2024-01-24 13:16:09.155 [info] [Trace - 1:16:09 PM] Received notification 'textDocument/publishDiagnostics'.
2024-01-24 13:16:09.155 [info] [Trace - 1:16:09 PM] Received notification 'textDocument/publishDiagnostics'.
2024-01-24 13:16:09.156 [info] [Trace - 1:16:09 PM] Received notification 'textDocument/publishDiagnostics'.
2024-01-24 13:16:09.156 [info] [Trace - 1:16:09 PM] Received notification 'textDocument/publishDiagnostics'.
2024-01-24 13:16:09.157 [info] [Trace - 1:16:09 PM] Received notification 'textDocument/publishDiagnostics'.
2024-01-24 13:16:09.157 [info] [Trace - 1:16:09 PM] Received notification 'textDocument/publishDiagnostics'.
2024-01-24 13:16:09.158 [info] [Trace - 1:16:09 PM] Received notification 'textDocument/publishDiagnostics'.
2024-01-24 13:16:09.158 [info] [Trace - 1:16:09 PM] Received notification 'textDocument/publishDiagnostics'.
2024-01-24 13:16:09.158 [info] [Trace - 1:16:09 PM] Received notification 'textDocument/publishDiagnostics'.
2024-01-24 13:16:09.159 [info] [Trace - 1:16:09 PM] Received notification 'textDocument/publishDiagnostics'.
2024-01-24 13:16:09.159 [info] [Trace - 1:16:09 PM] Received notification 'textDocument/publishDiagnostics'.
2024-01-24 13:16:09.160 [info] [Trace - 1:16:09 PM] Received notification 'textDocument/publishDiagnostics'.
2024-01-24 13:16:09.160 [info] [Trace - 1:16:09 PM] Received notification 'textDocument/publishDiagnostics'.
2024-01-24 13:16:09.160 [info] [Trace - 1:16:09 PM] Received notification 'textDocument/publishDiagnostics'.
2024-01-24 13:16:09.161 [info] [Trace - 1:16:09 PM] Received notification 'textDocument/publishDiagnostics'.
2024-01-24 13:16:09.162 [info] [Trace - 1:16:09 PM] Received notification 'textDocument/publishDiagnostics'.
2024-01-24 13:16:09.162 [info] [Trace - 1:16:09 PM] Received notification 'textDocument/publishDiagnostics'.
2024-01-24 13:16:09.162 [info] [Trace - 1:16:09 PM] Received notification 'textDocument/publishDiagnostics'.
2024-01-24 13:16:09.163 [info] [Trace - 1:16:09 PM] Received notification 'textDocument/publishDiagnostics'.
2024-01-24 13:16:09.163 [info] [Trace - 1:16:09 PM] Received notification 'textDocument/publishDiagnostics'.
2024-01-24 13:16:09.164 [info] [Trace - 1:16:09 PM] Received notification 'textDocument/publishDiagnostics'.
2024-01-24 13:16:09.164 [info] [Trace - 1:16:09 PM] Received notification 'textDocument/publishDiagnostics'.
2024-01-24 13:16:09.166 [info] [Trace - 1:16:09 PM] Received notification 'textDocument/publishDiagnostics'.
2024-01-24 13:16:09.166 [info] [Trace - 1:16:09 PM] Received notification 'textDocument/publishDiagnostics'.
2024-01-24 13:16:09.166 [info] [Trace - 1:16:09 PM] Received notification 'textDocument/publishDiagnostics'.
2024-01-24 13:16:09.167 [info] [Trace - 1:16:09 PM] Received notification 'textDocument/publishDiagnostics'.
2024-01-24 13:16:09.167 [info] [Trace - 1:16:09 PM] Received notification 'textDocument/publishDiagnostics'.
2024-01-24 13:16:09.168 [info] [Trace - 1:16:09 PM] Received notification 'textDocument/publishDiagnostics'.
2024-01-24 13:16:09.168 [info] [Trace - 1:16:09 PM] Received notification 'textDocument/publishDiagnostics'.
2024-01-24 13:16:09.168 [info] [Trace - 1:16:09 PM] Received notification 'textDocument/publishDiagnostics'.
2024-01-24 13:16:09.169 [info] [Trace - 1:16:09 PM] Received notification 'textDocument/publishDiagnostics'.
2024-01-24 13:16:09.169 [info] [Trace - 1:16:09 PM] Received notification 'textDocument/publishDiagnostics'.
2024-01-24 13:16:09.170 [info] [Trace - 1:16:09 PM] Received notification 'textDocument/publishDiagnostics'.
2024-01-24 13:16:09.170 [info] [Trace - 1:16:09 PM] Received notification 'textDocument/publishDiagnostics'.
2024-01-24 13:16:09.170 [info] [Trace - 1:16:09 PM] Received notification 'textDocument/publishDiagnostics'.
2024-01-24 13:16:09.171 [info] [Trace - 1:16:09 PM] Received notification 'textDocument/publishDiagnostics'.
2024-01-24 13:16:09.174 [info] [Trace - 1:16:09 PM] Received response 'textDocument/codeAction - (1)' in 35ms.
2024-01-24 13:16:09.175 [info] [Trace - 1:16:09 PM] Received response 'textDocument/codeAction - (2)' in 33ms.
2024-01-24 13:16:10.221 [info] [Trace - 1:16:10 PM] Sending request 'textDocument/codeAction - (3)'.
2024-01-24 13:16:10.222 [info] [Trace - 1:16:10 PM] Sending request 'textDocument/codeAction - (4)'.
2024-01-24 13:16:10.225 [info] [Trace - 1:16:10 PM] Received response 'textDocument/codeAction - (3)' in 4ms.
2024-01-24 13:16:10.225 [info] [Trace - 1:16:10 PM] Received response 'textDocument/codeAction - (4)' in 3ms.
2024-01-24 13:16:11.589 [info] [Trace - 1:16:11 PM] Sending request 'textDocument/codeAction - (5)'.
2024-01-24 13:16:11.593 [info] [Trace - 1:16:11 PM] Received response 'textDocument/codeAction - (5)' in 4ms.
2024-01-24 13:16:11.826 [info] [Trace - 1:16:11 PM] Sending request 'textDocument/codeAction - (6)'.
2024-01-24 13:16:11.829 [info] [Trace - 1:16:11 PM] Sending notification '$/cancelRequest'.
2024-01-24 13:16:11.830 [info] [Trace - 1:16:11 PM] Sending request 'textDocument/codeAction - (7)'.
2024-01-24 13:16:11.885 [info] [Trace - 1:16:11 PM] Received response 'textDocument/codeAction - (6)' in 59ms.
2024-01-24 13:16:11.886 [info] [Trace - 1:16:11 PM] Received response 'textDocument/codeAction - (7)' in 56ms.
2024-01-24 13:16:16.354 [info] [Trace - 1:16:16 PM] Sending request 'textDocument/codeAction - (8)'.
2024-01-24 13:16:16.357 [info] [Trace - 1:16:16 PM] Received response 'textDocument/codeAction - (8)' in 3ms.
2024-01-24 13:16:20.953 [info] [Trace - 1:16:20 PM] Sending request 'textDocument/codeAction - (9)'.
2024-01-24 13:16:20.954 [info] [Trace - 1:16:20 PM] Received response 'textDocument/codeAction - (9)' in 1ms.
2024-01-24 13:16:22.465 [info] [Trace - 1:16:22 PM] Sending request 'textDocument/codeAction - (10)'.
2024-01-24 13:16:22.466 [info] [Trace - 1:16:22 PM] Received response 'textDocument/codeAction - (10)' in 1ms.
2024-01-24 13:16:22.748 [info] [Trace - 1:16:22 PM] Sending request 'textDocument/codeAction - (11)'.
2024-01-24 13:16:22.749 [info] [Trace - 1:16:22 PM] Received response 'textDocument/codeAction - (11)' in 1ms.
2024-01-24 13:16:23.040 [info] [Trace - 1:16:23 PM] Sending request 'textDocument/codeAction - (12)'.
2024-01-24 13:16:23.042 [info] [Trace - 1:16:23 PM] Received response 'textDocument/codeAction - (12)' in 2ms.
2024-01-24 13:16:24.141 [info] [Trace - 1:16:24 PM] Sending request 'textDocument/codeAction - (13)'.
2024-01-24 13:16:24.144 [info] [Trace - 1:16:24 PM] Received response 'textDocument/codeAction - (13)' in 3ms.
2024-01-24 13:16:24.192 [info] [Trace - 1:16:24 PM] Sending request 'textDocument/codeAction - (14)'.
2024-01-24 13:16:24.194 [info] [Trace - 1:16:24 PM] Received response 'textDocument/codeAction - (14)' in 2ms.
2024-01-24 13:16:24.243 [info] [Trace - 1:16:24 PM] Sending request 'textDocument/codeAction - (15)'.
2024-01-24 13:16:24.244 [info] [Trace - 1:16:24 PM] Received response 'textDocument/codeAction - (15)' in 1ms.
2024-01-24 13:16:25.293 [info] [Trace - 1:16:25 PM] Sending request 'textDocument/codeAction - (16)'.
2024-01-24 13:16:25.295 [info] [Trace - 1:16:25 PM] Received response 'textDocument/codeAction - (16)' in 2ms.
2024-01-24 13:16:25.389 [info] [Trace - 1:16:25 PM] Sending request 'textDocument/codeAction - (17)'.
2024-01-24 13:16:25.390 [info] [Trace - 1:16:25 PM] Received response 'textDocument/codeAction - (17)' in 1ms.
2024-01-24 13:16:25.490 [info] [Trace - 1:16:25 PM] Sending request 'textDocument/codeAction - (18)'.
2024-01-24 13:16:25.492 [info] [Trace - 1:16:25 PM] Received response 'textDocument/codeAction - (18)' in 2ms.
2024-01-24 13:16:25.562 [info] [Trace - 1:16:25 PM] Sending request 'textDocument/codeAction - (19)'.
2024-01-24 13:16:25.563 [info] [Trace - 1:16:25 PM] Received response 'textDocument/codeAction - (19)' in 1ms.
2024-01-24 13:16:30.102 [info] [Trace - 1:16:30 PM] Sending request 'shutdown - (20)'.
2024-01-24 13:16:30.108 [info] [Trace - 1:16:30 PM] Received response 'shutdown - (20)' in 22ms.
2024-01-24 13:16:30.108 [info] [Trace - 1:16:30 PM] Sending notification 'exit'.
